<?xml version="1.0" encoding="UTF-8"?>
<testng-results ignored="0" total="1" passed="1" failed="0" skipped="0">
  <reporter-output>
  </reporter-output>
  <suite started-at="2023-09-23T12:45:15 IST" name="Default suite" finished-at="2023-09-23T12:45:58 IST" duration-ms="42674">
    <groups>
    </groups>
    <test started-at="2023-09-23T12:45:15 IST" name="Default test" finished-at="2023-09-23T12:45:58 IST" duration-ms="42674">
      <class name="Appiumclass.NewEcommerceApp">
        <test-method signature="EcommerceApp()[pri:0, instance:Appiumclass.NewEcommerceApp@31d7b7bf]" started-at="2023-09-23T12:45:15 IST" name="EcommerceApp" finished-at="2023-09-23T12:45:57 IST" duration-ms="42172" status="PASS">
          <reporter-output>
          </reporter-output>
        </test-method> <!-- EcommerceApp -->
      </class> <!-- Appiumclass.NewEcommerceApp -->
    </test> <!-- Default test -->
  </suite> <!-- Default suite -->
</testng-results>
