<?xml version="1.0" encoding="UTF-8"?>
<testng-results ignored="0" total="1" passed="1" failed="0" skipped="0">
  <reporter-output>
  </reporter-output>
  <suite started-at="2023-09-20T18:22:36 IST" name="Default suite" finished-at="2023-09-20T18:22:55 IST" duration-ms="18747">
    <groups>
    </groups>
    <test started-at="2023-09-20T18:22:36 IST" name="Default test" finished-at="2023-09-20T18:22:55 IST" duration-ms="18747">
      <class name="Appiumclass.LongPress">
        <test-method signature="LongPressGesture()[pri:0, instance:Appiumclass.LongPress@5c30a9b0]" started-at="2023-09-20T18:22:36 IST" name="LongPressGesture" finished-at="2023-09-20T18:22:55 IST" duration-ms="18699" status="PASS">
          <reporter-output>
          </reporter-output>
        </test-method> <!-- LongPressGesture -->
      </class> <!-- Appiumclass.LongPress -->
    </test> <!-- Default test -->
  </suite> <!-- Default suite -->
</testng-results>
